2014/06/09 18:42:43 にビルドを開始しました。
     1>ノード 2 上のプロジェクト "C:\Users\GM210\Documents\Visual Studio 2010\Projects\NewCone2\NewCone2\NewCone2.vcxproj" (build ターゲット)。
     1>InitializeBuildStatus:
         "AlwaysCreate" が指定されたため "Debug\NewCone2.unsuccessfulbuild" を作成しています。
       ClCompile:
         C:\Program Files (x86)\Microsoft Visual Studio 10.0\VC\bin\CL.exe /c /ZI /nologo /W3 /WX- /Od /Oy- /D _MBCS /Gm /EHsc /RTC1 /MDd /GS /fp:precise /Zc:wchar_t /Zc:forScope /Fo"Debug\\" /Fd"Debug\vc100.pdb" /Gd /TP /analyze- /errorReport:prompt myOpengl.cpp
         myOpengl.cpp
       Link:
         C:\Program Files (x86)\Microsoft Visual Studio 10.0\VC\bin\link.exe /ERRORREPORT:PROMPT /OUT:"C:\Users\GM210\Documents\Visual Studio 2010\Projects\NewCone2\Debug\NewCone2.exe" /NOLOGO kernel32.lib user32.lib gdi32.lib winspool.lib comdlg32.lib advapi32.lib shell32.lib ole32.lib oleaut32.lib uuid.lib odbc32.lib odbccp32.lib /MANIFEST /ManifestFile:"Debug\NewCone2.exe.intermediate.manifest" /MANIFESTUAC:"level='asInvoker' uiAccess='false'" /DEBUG /PDB:"C:\Users\GM210\Documents\Visual Studio 2010\Projects\NewCone2\Debug\NewCone2.pdb" /TLBID:1 /DYNAMICBASE /NXCOMPAT /IMPLIB:"C:\Users\GM210\Documents\Visual Studio 2010\Projects\NewCone2\Debug\NewCone2.lib" /MACHINE:X86 Debug\main.obj
         Debug\myObject.obj
         Debug\myOpengl.obj
         LINK : 前回のインクリメンタル リンクで C:\Users\GM210\Documents\Visual Studio 2010\Projects\NewCone2\Debug\NewCone2.exe が見つからなかったか、ビルドされませんでした。フル リンクを行います。
         NewCone2.vcxproj -> C:\Users\GM210\Documents\Visual Studio 2010\Projects\NewCone2\Debug\NewCone2.exe
       Manifest:
         C:\Program Files (x86)\Microsoft SDKs\Windows\v7.0A\bin\mt.exe /nologo /verbose /outputresource:"C:\Users\GM210\Documents\Visual Studio 2010\Projects\NewCone2\Debug\NewCone2.exe;#1" /manifest Debug\NewCone2.exe.intermediate.manifest
       FinalizeBuildStatus:
         ファイル "Debug\NewCone2.unsuccessfulbuild" を削除しています。
         "Debug\NewCone2.lastbuildstate" のタッチ タスクを実行しています。
     1>プロジェクト "C:\Users\GM210\Documents\Visual Studio 2010\Projects\NewCone2\NewCone2\NewCone2.vcxproj" (build ターゲット) のビルドが完了しました。

ビルドに成功しました。

経過時間 00:00:01.40
